2026-06-03 09:21:29.489 | INFO     | __main__:<module>:175 - === Feed Service запущен на порту 5003 ===
2026-06-03 09:21:29.923 | INFO     | __main__:<module>:175 - === Feed Service запущен на порту 5003 ===
2026-06-03 21:49:08.260 | INFO     | __main__:get_feed:135 - === ЗАПРОС ЛЕНТЫ ===
2026-06-03 21:49:08.261 | INFO     | __main__:get_feed:136 - Пользователь: 3
2026-06-03 21:49:10.348 | INFO     | __main__:get_feed:151 - У пользователя 3 нет подписок
2026-06-03 21:49:10.592 | INFO     | __main__:get_feed:135 - === ЗАПРОС ЛЕНТЫ ===
2026-06-03 21:49:10.595 | INFO     | __main__:get_feed:136 - Пользователь: 2
2026-06-03 21:49:12.689 | DEBUG    | __main__:get_feed:154 - Подписки пользователя 2: [1]
2026-06-03 21:49:15.310 | INFO     | __main__:get_feed:135 - === ЗАПРОС ЛЕНТЫ ===
2026-06-03 21:49:15.311 | INFO     | __main__:get_feed:136 - Пользователь: 1
2026-06-03 21:49:16.840 | SUCCESS  | __main__:get_feed:168 - Лента пользователя 2: 9 постов
2026-06-03 21:49:17.374 | DEBUG    | __main__:get_feed:154 - Подписки пользователя 1: [2]
2026-06-03 21:49:21.506 | SUCCESS  | __main__:get_feed:168 - Лента пользователя 1: 1 постов
2026-06-05 02:52:04.020 | INFO     | __main__:get_feed:135 - === ЗАПРОС ЛЕНТЫ ===
2026-06-05 02:52:04.021 | INFO     | __main__:get_feed:136 - Пользователь: 1
2026-06-05 02:52:06.084 | DEBUG    | __main__:get_feed:154 - Подписки пользователя 1: [2]
2026-06-05 02:52:10.059 | INFO     | __main__:get_feed:135 - === ЗАПРОС ЛЕНТЫ ===
2026-06-05 02:52:10.061 | INFO     | __main__:get_feed:136 - Пользователь: 1
2026-06-05 02:52:10.289 | SUCCESS  | __main__:get_feed:168 - Лента пользователя 1: 1 постов
2026-06-05 02:52:12.103 | DEBUG    | __main__:get_feed:154 - Подписки пользователя 1: [2]
2026-06-05 02:52:16.100 | INFO     | __main__:get_feed:135 - === ЗАПРОС ЛЕНТЫ ===
2026-06-05 02:52:16.101 | INFO     | __main__:get_feed:136 - Пользователь: 1
2026-06-05 02:52:16.268 | SUCCESS  | __main__:get_feed:168 - Лента пользователя 1: 1 постов
2026-06-05 02:52:18.152 | DEBUG    | __main__:get_feed:154 - Подписки пользователя 1: [2]
2026-06-05 02:52:22.135 | INFO     | __main__:get_feed:135 - === ЗАПРОС ЛЕНТЫ ===
2026-06-05 02:52:22.135 | INFO     | __main__:get_feed:136 - Пользователь: 1
2026-06-05 02:52:22.322 | SUCCESS  | __main__:get_feed:168 - Лента пользователя 1: 1 постов
2026-06-05 02:52:24.222 | DEBUG    | __main__:get_feed:154 - Подписки пользователя 1: [2]
2026-06-05 02:52:28.413 | SUCCESS  | __main__:get_feed:168 - Лента пользователя 1: 1 постов
2026-06-05 02:52:32.391 | INFO     | __main__:subscribe:59 - === ПОДПИСКА ===
2026-06-05 02:52:32.392 | INFO     | __main__:subscribe:60 - Пользователь None подписывается на None
2026-06-05 02:52:32.393 | WARNING  | __main__:subscribe:63 - Отсутствуют follower_id или following_id
2026-06-05 02:52:40.618 | INFO     | __main__:subscribe:59 - === ПОДПИСКА ===
2026-06-05 02:52:40.618 | INFO     | __main__:subscribe:60 - Пользователь None подписывается на None
2026-06-05 02:52:40.619 | WARNING  | __main__:subscribe:63 - Отсутствуют follower_id или following_id
2026-06-05 02:52:46.734 | INFO     | __main__:subscribe:59 - === ПОДПИСКА ===
2026-06-05 02:52:46.735 | INFO     | __main__:subscribe:60 - Пользователь None подписывается на 99999
2026-06-05 02:52:46.735 | WARNING  | __main__:subscribe:63 - Отсутствуют follower_id или following_id
2026-06-05 02:55:07.404 | INFO     | __main__:get_feed:135 - === ЗАПРОС ЛЕНТЫ ===
2026-06-05 02:55:07.405 | INFO     | __main__:get_feed:136 - Пользователь: 1
2026-06-05 02:55:09.476 | DEBUG    | __main__:get_feed:154 - Подписки пользователя 1: [2]
2026-06-05 02:55:13.567 | SUCCESS  | __main__:get_feed:168 - Лента пользователя 1: 1 постов
2026-06-05 02:57:06.854 | INFO     | __main__:get_feed:135 - === ЗАПРОС ЛЕНТЫ ===
2026-06-05 02:57:06.855 | INFO     | __main__:get_feed:136 - Пользователь: 1
2026-06-05 02:57:08.961 | DEBUG    | __main__:get_feed:154 - Подписки пользователя 1: [2]
2026-06-05 02:57:12.887 | INFO     | __main__:get_feed:135 - === ЗАПРОС ЛЕНТЫ ===
2026-06-05 02:57:12.888 | INFO     | __main__:get_feed:136 - Пользователь: 1
2026-06-05 02:57:13.085 | SUCCESS  | __main__:get_feed:168 - Лента пользователя 1: 1 постов
2026-06-05 02:57:14.940 | DEBUG    | __main__:get_feed:154 - Подписки пользователя 1: [2]
2026-06-05 02:57:18.923 | INFO     | __main__:get_feed:135 - === ЗАПРОС ЛЕНТЫ ===
2026-06-05 02:57:18.924 | INFO     | __main__:get_feed:136 - Пользователь: 1
2026-06-05 02:57:19.043 | SUCCESS  | __main__:get_feed:168 - Лента пользователя 1: 1 постов
2026-06-05 02:57:21.017 | DEBUG    | __main__:get_feed:154 - Подписки пользователя 1: [2]
2026-06-05 02:57:24.967 | INFO     | __main__:get_feed:135 - === ЗАПРОС ЛЕНТЫ ===
2026-06-05 02:57:24.968 | INFO     | __main__:get_feed:136 - Пользователь: 1
2026-06-05 02:57:25.169 | SUCCESS  | __main__:get_feed:168 - Лента пользователя 1: 1 постов
2026-06-05 02:57:27.031 | DEBUG    | __main__:get_feed:154 - Подписки пользователя 1: [2]
2026-06-05 02:57:31.006 | INFO     | __main__:get_feed:135 - === ЗАПРОС ЛЕНТЫ ===
2026-06-05 02:57:31.008 | INFO     | __main__:get_feed:136 - Пользователь: 1
2026-06-05 02:57:31.190 | SUCCESS  | __main__:get_feed:168 - Лента пользователя 1: 1 постов
2026-06-05 02:57:33.101 | DEBUG    | __main__:get_feed:154 - Подписки пользователя 1: [2]
2026-06-05 02:57:37.281 | SUCCESS  | __main__:get_feed:168 - Лента пользователя 1: 1 постов
2026-06-05 02:57:41.221 | INFO     | __main__:subscribe:59 - === ПОДПИСКА ===
2026-06-05 02:57:41.222 | INFO     | __main__:subscribe:60 - Пользователь None подписывается на None
2026-06-05 02:57:41.222 | WARNING  | __main__:subscribe:63 - Отсутствуют follower_id или following_id
2026-06-05 02:57:49.435 | INFO     | __main__:subscribe:59 - === ПОДПИСКА ===
2026-06-05 02:57:49.435 | INFO     | __main__:subscribe:60 - Пользователь None подписывается на None
2026-06-05 02:57:49.435 | WARNING  | __main__:subscribe:63 - Отсутствуют follower_id или following_id
2026-06-05 02:57:55.607 | INFO     | __main__:subscribe:59 - === ПОДПИСКА ===
2026-06-05 02:57:55.608 | INFO     | __main__:subscribe:60 - Пользователь None подписывается на 99999
2026-06-05 02:57:55.609 | WARNING  | __main__:subscribe:63 - Отсутствуют follower_id или following_id
2026-06-05 03:02:08.498 | INFO     | __main__:get_feed:135 - === ЗАПРОС ЛЕНТЫ ===
2026-06-05 03:02:08.499 | INFO     | __main__:get_feed:136 - Пользователь: 1
2026-06-05 03:02:10.574 | DEBUG    | __main__:get_feed:154 - Подписки пользователя 1: [2]
2026-06-05 03:02:14.717 | SUCCESS  | __main__:get_feed:168 - Лента пользователя 1: 1 постов
